<?xml version="1.0" encoding="UTF-8"?>
<testng-results ignored="0" total="1" passed="0" failed="1" skipped="0">
  <reporter-output>
    <line>
      <![CDATA[Step: Clicked on Contacts link]]>
    </line>
    <line>
      <![CDATA[Step: Clicked on Create Contacts look up image]]>
    </line>
    <line>
      <![CDATA[Step: Created new Contact with last name: Chaitra]]>
    </line>
  </reporter-output>
  <suite started-at="2023-02-10T16:34:18 IST" name="Default suite" finished-at="2023-02-10T16:35:28 IST" duration-ms="69388">
    <groups>
      <group name="RegressionSuite">
        <method signature="CreateContactTest.createContactTest()[pri:0, instance:vtiger.Contacts.TestScripts.CreateContactTest@1ed6388a]" name="createContactTest" class="vtiger.Contacts.TestScripts.CreateContactTest"/>
      </group> <!-- RegressionSuite -->
      <group name="SmokeSuite">
        <method signature="CreateContactTest.createContactTest()[pri:0, instance:vtiger.Contacts.TestScripts.CreateContactTest@1ed6388a]" name="createContactTest" class="vtiger.Contacts.TestScripts.CreateContactTest"/>
      </group> <!-- SmokeSuite -->
    </groups>
    <test started-at="2023-02-10T16:34:18 IST" name="Default test" finished-at="2023-02-10T16:35:28 IST" duration-ms="69388">
      <class name="vtiger.Contacts.TestScripts.CreateContactTest">
        <test-method is-config="true" signature="bsConfig()[pri:0, instance:vtiger.Contacts.TestScripts.CreateContactTest@1ed6388a]" started-at="2023-02-10T16:34:18 IST" name="bsConfig" finished-at="2023-02-10T16:34:18 IST" duration-ms="11" status="PASS">
          <reporter-output>
          </reporter-output>
        </test-method> <!-- bsConfig -->
        <test-method is-config="true" signature="bcConfig()[pri:0, instance:vtiger.Contacts.TestScripts.CreateContactTest@1ed6388a]" started-at="2023-02-10T16:34:19 IST" name="bcConfig" finished-at="2023-02-10T16:35:08 IST" duration-ms="49093" status="PASS">
          <reporter-output>
          </reporter-output>
        </test-method> <!-- bcConfig -->
        <test-method is-config="true" signature="bmConfig()[pri:0, instance:vtiger.Contacts.TestScripts.CreateContactTest@1ed6388a]" started-at="2023-02-10T16:35:08 IST" name="bmConfig" finished-at="2023-02-10T16:35:13 IST" duration-ms="4907" status="PASS">
          <reporter-output>
          </reporter-output>
        </test-method> <!-- bmConfig -->
        <test-method signature="createContactTest()[pri:0, instance:vtiger.Contacts.TestScripts.CreateContactTest@1ed6388a]" started-at="2023-02-10T16:35:13 IST" name="createContactTest" finished-at="2023-02-10T16:35:26 IST" duration-ms="12687" status="FAIL">
          <exception class="java.lang.AssertionError">
            <message>
              <![CDATA[[Assertion Failed]: Contact creation failed. Actual details in application: [ CON28 ] Chaitra - Contact Information expected [true] but found [false]]]>
            </message>
            <full-stacktrace>
              <![CDATA[java.lang.AssertionError: [Assertion Failed]: Contact creation failed. Actual details in application: [ CON28 ] Chaitra - Contact Information expected [true] but found [false]
at org.testng.Assert.fail(Assert.java:99)
at org.testng.Assert.failNotEquals(Assert.java:1037)
at org.testng.Assert.assertTrue(Assert.java:45)
at vtiger.Contacts.TestScripts.CreateContactTest.createContactTest(CreateContactTest.java:44)
at java.base/jdk.internal.reflect.NativeMethodAccessorImpl.invoke0(Native Method)
at java.base/jdk.internal.reflect.NativeMethodAccessorImpl.invoke(NativeMethodAccessorImpl.java:77)
at java.base/jdk.internal.reflect.DelegatingMethodAccessorImpl.invoke(DelegatingMethodAccessorImpl.java:43)
at java.base/java.lang.reflect.Method.invoke(Method.java:568)
at org.testng.internal.MethodInvocationHelper.invokeMethod(MethodInvocationHelper.java:133)
at org.testng.internal.TestInvoker.invokeMethod(TestInvoker.java:598)
at org.testng.internal.TestInvoker.invokeTestMethod(TestInvoker.java:173)
at org.testng.internal.MethodRunner.runInSequence(MethodRunner.java:46)
at org.testng.internal.TestInvoker$MethodInvocationAgent.invoke(TestInvoker.java:824)
at org.testng.internal.TestInvoker.invokeTestMethods(TestInvoker.java:146)
at org.testng.internal.TestMethodWorker.invokeTestMethods(TestMethodWorker.java:146)
at org.testng.internal.TestMethodWorker.run(TestMethodWorker.java:128)
at java.base/java.util.ArrayList.forEach(ArrayList.java:1511)
at org.testng.TestRunner.privateRun(TestRunner.java:794)
at org.testng.TestRunner.run(TestRunner.java:596)
at org.testng.SuiteRunner.runTest(SuiteRunner.java:377)
at org.testng.SuiteRunner.runSequentially(SuiteRunner.java:371)
at org.testng.SuiteRunner.privateRun(SuiteRunner.java:332)
at org.testng.SuiteRunner.run(SuiteRunner.java:276)
at org.testng.SuiteRunnerWorker.runSuite(SuiteRunnerWorker.java:53)
at org.testng.SuiteRunnerWorker.run(SuiteRunnerWorker.java:96)
at org.testng.TestNG.runSuitesSequentially(TestNG.java:1212)
at org.testng.TestNG.runSuitesLocally(TestNG.java:1134)
at org.testng.TestNG.runSuites(TestNG.java:1063)
at org.testng.TestNG.run(TestNG.java:1031)
at org.testng.remote.AbstractRemoteTestNG.run(AbstractRemoteTestNG.java:115)
at org.testng.remote.RemoteTestNG.initAndRun(RemoteTestNG.java:251)
at org.testng.remote.RemoteTestNG.main(RemoteTestNG.java:77)
]]>
            </full-stacktrace>
          </exception> <!-- java.lang.AssertionError -->
          <reporter-output>
            <line>
              <![CDATA[Step: Clicked on Contacts link]]>
            </line>
            <line>
              <![CDATA[Step: Clicked on Create Contacts look up image]]>
            </line>
            <line>
              <![CDATA[Step: Created new Contact with last name: Chaitra]]>
            </line>
          </reporter-output>
        </test-method> <!-- createContactTest -->
        <test-method is-config="true" signature="amConfig()[pri:0, instance:vtiger.Contacts.TestScripts.CreateContactTest@1ed6388a]" started-at="2023-02-10T16:35:26 IST" name="amConfig" finished-at="2023-02-10T16:35:27 IST" duration-ms="1466" status="PASS">
          <reporter-output>
          </reporter-output>
        </test-method> <!-- amConfig -->
        <test-method is-config="true" signature="acConfig()[pri:0, instance:vtiger.Contacts.TestScripts.CreateContactTest@1ed6388a]" started-at="2023-02-10T16:35:27 IST" name="acConfig" finished-at="2023-02-10T16:35:28 IST" duration-ms="338" status="PASS">
          <reporter-output>
          </reporter-output>
        </test-method> <!-- acConfig -->
        <test-method is-config="true" signature="asConfig()[pri:0, instance:vtiger.Contacts.TestScripts.CreateContactTest@1ed6388a]" started-at="2023-02-10T16:35:28 IST" name="asConfig" finished-at="2023-02-10T16:35:28 IST" duration-ms="2" status="PASS">
          <reporter-output>
          </reporter-output>
        </test-method> <!-- asConfig -->
      </class> <!-- vtiger.Contacts.TestScripts.CreateContactTest -->
    </test> <!-- Default test -->
  </suite> <!-- Default suite -->
</testng-results>
